[0.036s] Invoking command in '/home/wawj/Documents/Study - UTHM PhD/ros2_ws/build/examples_rclcpp_minimal_service': CMAKE_PREFIX_PATH=/opt/ros/iron CONDA_PROMPT_MODIFIER=(base) /usr/bin/cmake /home/wawj/Documents/Study - UTHM PhD/ros2_ws/src/examples/rclcpp/services/minimal_service -DAMENT_CMAKE_SYMLINK_INSTALL=1 -DCMAKE_INSTALL_PREFIX=/home/wawj/Documents/Study - UTHM PhD/ros2_ws/install/examples_rclcpp_minimal_service
[0.150s] -- The C compiler identification is GNU 11.4.0
[0.234s] -- The CXX compiler identification is GNU 11.4.0
[0.246s] -- Detecting C compiler ABI info
[0.341s] -- Detecting C compiler ABI info - done
[0.352s] -- Check for working C compiler: /usr/bin/cc - skipped
[0.353s] -- Detecting C compile features
[0.353s] -- Detecting C compile features - done
[0.356s] -- Detecting CXX compiler ABI info
[0.474s] -- Detecting CXX compiler ABI info - done
[0.490s] -- Check for working CXX compiler: /usr/bin/c++ - skipped
[0.490s] -- Detecting CXX compile features
[0.491s] -- Detecting CXX compile features - done
[0.492s] -- Found ament_cmake: 2.0.3 (/opt/ros/iron/share/ament_cmake/cmake)
[0.775s] -- Found Python3: /usr/bin/python3.10 (found version "3.10.12") found components: Interpreter 
[0.860s] -- Override CMake install command with custom implementation using symlinks instead of copying resources
[0.889s] -- Found example_interfaces: 0.10.2 (/opt/ros/iron/share/example_interfaces/cmake)
[0.932s] -- Found rosidl_generator_c: 4.0.1 (/opt/ros/iron/share/rosidl_generator_c/cmake)
[0.953s] -- Found rosidl_generator_cpp: 4.0.1 (/opt/ros/iron/share/rosidl_generator_cpp/cmake)
[0.970s] -- Using all available rosidl_typesupport_c: rosidl_typesupport_fastrtps_c;rosidl_typesupport_introspection_c
[0.997s] -- Using all available rosidl_typesupport_cpp: rosidl_typesupport_fastrtps_cpp;rosidl_typesupport_introspection_cpp
[1.399s] -- Found rclcpp: 21.0.3 (/opt/ros/iron/share/rclcpp/cmake)
[1.558s] -- Found rmw_implementation_cmake: 7.1.0 (/opt/ros/iron/share/rmw_implementation_cmake/cmake)
[1.561s] -- Found rmw_fastrtps_cpp: 7.1.1 (/opt/ros/iron/share/rmw_fastrtps_cpp/cmake)
[1.686s] -- Found OpenSSL: /usr/lib/x86_64-linux-gnu/libcrypto.so (found version "3.0.2")  
[1.722s] -- Found FastRTPS: /opt/ros/iron/include  
[1.778s] -- Using RMW implementation 'rmw_fastrtps_cpp' as default
[2.049s] -- Found ament_lint_auto: 0.14.2 (/opt/ros/iron/share/ament_lint_auto/cmake)
[2.271s] -- Added test 'copyright' to check source files copyright and LICENSE
[2.279s] -- Added test 'cppcheck' to perform static code analysis on C / C++ code
[2.279s] -- Configured cppcheck include dirs: 
[2.279s] -- Configured cppcheck exclude dirs and/or files: 
[2.279s] -- Added test 'cpplint' to check C / C++ code against the Google style
[2.280s] -- Configured cpplint exclude dirs and/or files: 
[2.280s] -- Added test 'lint_cmake' to check CMake code style
[2.281s] -- Added test 'uncrustify' to check C / C++ code style
[2.281s] -- Configured uncrustify additional arguments: 
[2.282s] -- Added test 'xmllint' to check XML markup files
[2.284s] -- Configuring done
[2.301s] -- Generating done
[2.302s] -- Build files have been written to: /home/wawj/Documents/Study - UTHM PhD/ros2_ws/build/examples_rclcpp_minimal_service
[2.359s] Invoked command in '/home/wawj/Documents/Study - UTHM PhD/ros2_ws/build/examples_rclcpp_minimal_service' returned '0': CMAKE_PREFIX_PATH=/opt/ros/iron CONDA_PROMPT_MODIFIER=(base) /usr/bin/cmake /home/wawj/Documents/Study - UTHM PhD/ros2_ws/src/examples/rclcpp/services/minimal_service -DAMENT_CMAKE_SYMLINK_INSTALL=1 -DCMAKE_INSTALL_PREFIX=/home/wawj/Documents/Study - UTHM PhD/ros2_ws/install/examples_rclcpp_minimal_service
[2.359s] Invoking command in '/home/wawj/Documents/Study - UTHM PhD/ros2_ws/build/examples_rclcpp_minimal_service': CMAKE_PREFIX_PATH=/opt/ros/iron CONDA_PROMPT_MODIFIER=(base) /usr/bin/cmake --build /home/wawj/Documents/Study - UTHM PhD/ros2_ws/build/examples_rclcpp_minimal_service -- -j12 -l12
[2.589s] [ 50%] [32mBuilding CXX object CMakeFiles/service_main.dir/main.cpp.o[0m
