[0.039s] Invoking command in '/home/wawj/Documents/Study - UTHM PhD/ros2_ws/build/examples_rclcpp_minimal_composition': CMAKE_PREFIX_PATH=/opt/ros/iron CONDA_PROMPT_MODIFIER=(base) /usr/bin/cmake /home/wawj/Documents/Study - UTHM PhD/ros2_ws/src/examples/rclcpp/composition/minimal_composition -DAMENT_CMAKE_SYMLINK_INSTALL=1 -DCMAKE_INSTALL_PREFIX=/home/wawj/Documents/Study - UTHM PhD/ros2_ws/install/examples_rclcpp_minimal_composition
[0.148s] -- The C compiler identification is GNU 11.4.0
[0.224s] -- The CXX compiler identification is GNU 11.4.0
[0.232s] -- Detecting C compiler ABI info
[0.333s] -- Detecting C compiler ABI info - done
[0.345s] -- Check for working C compiler: /usr/bin/cc - skipped
[0.346s] -- Detecting C compile features
[0.347s] -- Detecting C compile features - done
[0.351s] -- Detecting CXX compiler ABI info
[0.452s] -- Detecting CXX compiler ABI info - done
[0.468s] -- Check for working CXX compiler: /usr/bin/c++ - skipped
[0.468s] -- Detecting CXX compile features
[0.469s] -- Detecting CXX compile features - done
[0.471s] -- Found ament_cmake: 2.0.3 (/opt/ros/iron/share/ament_cmake/cmake)
[0.747s] -- Found Python3: /usr/bin/python3.10 (found version "3.10.12") found components: Interpreter 
[0.838s] -- Override CMake install command with custom implementation using symlinks instead of copying resources
[0.861s] -- Found rclcpp: 21.0.3 (/opt/ros/iron/share/rclcpp/cmake)
[0.909s] -- Found rosidl_generator_c: 4.0.1 (/opt/ros/iron/share/rosidl_generator_c/cmake)
[0.926s] -- Found rosidl_generator_cpp: 4.0.1 (/opt/ros/iron/share/rosidl_generator_cpp/cmake)
[0.950s] -- Using all available rosidl_typesupport_c: rosidl_typesupport_fastrtps_c;rosidl_typesupport_introspection_c
[0.976s] -- Using all available rosidl_typesupport_cpp: rosidl_typesupport_fastrtps_cpp;rosidl_typesupport_introspection_cpp
[1.244s] -- Found rmw_implementation_cmake: 7.1.0 (/opt/ros/iron/share/rmw_implementation_cmake/cmake)
[1.247s] -- Found rmw_fastrtps_cpp: 7.1.1 (/opt/ros/iron/share/rmw_fastrtps_cpp/cmake)
[1.387s] -- Found OpenSSL: /usr/lib/x86_64-linux-gnu/libcrypto.so (found version "3.0.2")  
[1.421s] -- Found FastRTPS: /opt/ros/iron/include  
[1.476s] -- Using RMW implementation 'rmw_fastrtps_cpp' as default
[1.737s] -- Found rclcpp_components: 21.0.3 (/opt/ros/iron/share/rclcpp_components/cmake)
[1.893s] -- Found std_msgs: 5.0.0 (/opt/ros/iron/share/std_msgs/cmake)
[1.948s] -- Found ament_lint_auto: 0.14.2 (/opt/ros/iron/share/ament_lint_auto/cmake)
[2.041s] -- Added test 'copyright' to check source files copyright and LICENSE
[2.043s] -- Added test 'cppcheck' to perform static code analysis on C / C++ code
[2.043s] -- Configured cppcheck include dirs: /home/wawj/Documents/Study - UTHM PhD/ros2_ws/src/examples/rclcpp/composition/minimal_composition/include
[2.043s] -- Configured cppcheck exclude dirs and/or files: 
[2.045s] -- Added test 'cpplint' to check C / C++ code against the Google style
[2.045s] -- Configured cpplint exclude dirs and/or files: 
[2.045s] -- Added test 'lint_cmake' to check CMake code style
[2.048s] -- Added test 'uncrustify' to check C / C++ code style
[2.048s] -- Configured uncrustify additional arguments: 
[2.048s] -- Added test 'xmllint' to check XML markup files
[2.049s] -- Configuring done
[2.078s] -- Generating done
[2.081s] -- Build files have been written to: /home/wawj/Documents/Study - UTHM PhD/ros2_ws/build/examples_rclcpp_minimal_composition
[2.096s] Invoked command in '/home/wawj/Documents/Study - UTHM PhD/ros2_ws/build/examples_rclcpp_minimal_composition' returned '0': CMAKE_PREFIX_PATH=/opt/ros/iron CONDA_PROMPT_MODIFIER=(base) /usr/bin/cmake /home/wawj/Documents/Study - UTHM PhD/ros2_ws/src/examples/rclcpp/composition/minimal_composition -DAMENT_CMAKE_SYMLINK_INSTALL=1 -DCMAKE_INSTALL_PREFIX=/home/wawj/Documents/Study - UTHM PhD/ros2_ws/install/examples_rclcpp_minimal_composition
[2.098s] Invoking command in '/home/wawj/Documents/Study - UTHM PhD/ros2_ws/build/examples_rclcpp_minimal_composition': CMAKE_PREFIX_PATH=/opt/ros/iron CONDA_PROMPT_MODIFIER=(base) /usr/bin/cmake --build /home/wawj/Documents/Study - UTHM PhD/ros2_ws/build/examples_rclcpp_minimal_composition -- -j12 -l12
[2.383s] [ 11%] [32mBuilding CXX object CMakeFiles/composition_nodes.dir/src/publisher_node.cpp.o[0m
[2.400s] [ 22%] [32mBuilding CXX object CMakeFiles/composition_nodes.dir/src/subscriber_node.cpp.o[0m
